<?xml version="1.0" encoding="UTF-8"?>
<testng-results skipped="0" failed="0" total="1" passed="1">
  <reporter-output>
  </reporter-output>
  <suite name="Default suite" duration-ms="16793" started-at="2016-04-27T10:45:15Z" finished-at="2016-04-27T10:45:32Z">
    <groups>
    </groups>
    <test name="Default test" duration-ms="16793" started-at="2016-04-27T10:45:15Z" finished-at="2016-04-27T10:45:32Z">
      <class name="testsel.Gurukulatestcases">
        <test-method status="PASS" signature="initialise()[pri:0, instance:testsel.Gurukulatestcases@7cf10a6f]" name="initialise" is-config="true" duration-ms="15237" started-at="2016-04-27T16:15:15Z" finished-at="2016-04-27T16:15:31Z">
          <reporter-output>
          </reporter-output>
        </test-method> <!-- initialise -->
        <test-method status="PASS" signature="setup()[pri:0, instance:testsel.Gurukulatestcases@7cf10a6f]" name="setup" is-config="true" duration-ms="11" started-at="2016-04-27T16:15:31Z" finished-at="2016-04-27T16:15:31Z">
          <reporter-output>
          </reporter-output>
        </test-method> <!-- setup -->
        <test-method status="PASS" signature="branchverify()[pri:0, instance:testsel.Gurukulatestcases@7cf10a6f]" name="branchverify" duration-ms="1031" started-at="2016-04-27T16:15:31Z" finished-at="2016-04-27T16:15:32Z">
          <reporter-output>
          </reporter-output>
        </test-method> <!-- branchverify -->
        <test-method status="PASS" signature="endprocess()[pri:0, instance:testsel.Gurukulatestcases@7cf10a6f]" name="endprocess" is-config="true" duration-ms="472" started-at="2016-04-27T16:15:32Z" finished-at="2016-04-27T16:15:32Z">
          <reporter-output>
          </reporter-output>
        </test-method> <!-- endprocess -->
      </class> <!-- testsel.Gurukulatestcases -->
    </test> <!-- Default test -->
  </suite> <!-- Default suite -->
</testng-results>
